<?xml version="1.0" encoding="UTF-8"?>
<!-- Generated by org.testng.reporters.JUnitReportReporter -->
<testsuite skipped="0" hostname="Priya-LAPTOP-1TGV3P3L" name="runners.DemoBlazeRunner" tests="5" failures="0" timestamp="2023-03-16T17:31:50 IST" time="23.631" errors="0">
  <testcase name="runScenario" time="3.437" classname="runners.DemoBlazeRunner"/>
  <system-out/>
  <testcase name="runScenario" time="6.962" classname="runners.DemoBlazeRunner"/>
  <system-out/>
  <testcase name="runScenario" time="4.186" classname="runners.DemoBlazeRunner"/>
  <system-out/>
  <testcase name="runScenario" time="4.377" classname="runners.DemoBlazeRunner"/>
  <system-out/>
  <testcase name="runScenario" time="4.669" classname="runners.DemoBlazeRunner"/>
  <system-out/>
</testsuite> <!-- runners.DemoBlazeRunner -->
