<?xml version="1.0" encoding="UTF-8"?>
<!-- Generated by org.testng.reporters.JUnitReportReporter -->
<testsuite skipped="0" hostname="Priya-LAPTOP-1TGV3P3L" name="runners.DemoBlazeRunner" tests="5" failures="0" timestamp="2023-03-17T13:08:46 IST" time="33.570" errors="0">
  <testcase name="runScenario" time="2.810" classname="runners.DemoBlazeRunner"/>
  <system-out/>
  <testcase name="runScenario" time="5.377" classname="runners.DemoBlazeRunner"/>
  <system-out/>
  <testcase name="runScenario" time="7.932" classname="runners.DemoBlazeRunner"/>
  <system-out/>
  <testcase name="runScenario" time="7.333" classname="runners.DemoBlazeRunner"/>
  <system-out/>
  <testcase name="runScenario" time="10.118" classname="runners.DemoBlazeRunner"/>
  <system-out/>
</testsuite> <!-- runners.DemoBlazeRunner -->
