<?xml version="1.0" encoding="UTF-8"?>
<!-- Generated by org.testng.reporters.JUnitReportReporter -->
<testsuite skipped="0" hostname="Priya-LAPTOP-1TGV3P3L" name="runners.DemoBlazeRunner" tests="5" failures="0" timestamp="2023-03-17T15:38:28 IST" time="27.471" errors="0">
  <testcase name="runScenario" time="6.746" classname="runners.DemoBlazeRunner"/>
  <system-out/>
  <testcase name="runScenario" time="7.158" classname="runners.DemoBlazeRunner"/>
  <system-out/>
  <testcase name="runScenario" time="4.287" classname="runners.DemoBlazeRunner"/>
  <system-out/>
  <testcase name="runScenario" time="3.337" classname="runners.DemoBlazeRunner"/>
  <system-out/>
  <testcase name="runScenario" time="5.943" classname="runners.DemoBlazeRunner"/>
  <system-out/>
</testsuite> <!-- runners.DemoBlazeRunner -->
