<?xml version="1.0" encoding="UTF-8"?>
<!-- Generated by org.testng.reporters.JUnitReportReporter -->
<testsuite skipped="0" hostname="Priya-LAPTOP-1TGV3P3L" name="runners.DemoBlazeRunner" tests="5" failures="0" timestamp="2023-03-17T15:27:56 IST" time="32.582" errors="0">
  <testcase name="runScenario" time="7.464" classname="runners.DemoBlazeRunner"/>
  <system-out/>
  <testcase name="runScenario" time="2.394" classname="runners.DemoBlazeRunner"/>
  <system-out/>
  <testcase name="runScenario" time="10.046" classname="runners.DemoBlazeRunner"/>
  <system-out/>
  <testcase name="runScenario" time="8.334" classname="runners.DemoBlazeRunner"/>
  <system-out/>
  <testcase name="runScenario" time="4.344" classname="runners.DemoBlazeRunner"/>
  <system-out/>
</testsuite> <!-- runners.DemoBlazeRunner -->
